# JRE version: OpenJDK Runtime Environment (11.0.13) (build 11.0.13+0-b1751.21-8125866)
# Java VM: OpenJDK 64-Bit Server VM (11.0.13+0-b1751.21-8125866, mixed mode, tiered, compressed oops, g1 gc, windows-amd64)
Heap:
 garbage-first heap   total 464896K, used 174207K [0x0000000080000000, 0x0000000100000000)
  region size 1024K, 15 young (15360K), 3 survivors (3072K)
 Metaspace       used 140154K, capacity 144354K, committed 144424K, reserved 1175552K
  class space    used 17438K, capacity 19028K, committed 19064K, reserved 1048576K
GC Heap History (20 events):
Event: 286.924 GC heap before
{Heap before GC invocations=89 (full 0):
 garbage-first heap   total 464896K, used 359619K [0x0000000080000000, 0x0000000100000000)
  region size 1024K, 87 young (89088K), 3 survivors (3072K)
 Metaspace       used 121688K, capacity 125144K, committed 126120K, reserved 1159168K
  class space    used 15214K, capacity 16504K, committed 17144K, reserved 1048576K
}
Event: 286.935 GC heap after
{Heap after GC invocations=90 (full 0):
 garbage-first heap   total 464896K, used 278993K [0x0000000080000000, 0x0000000100000000)
  region size 1024K, 7 young (7168K), 7 survivors (7168K)
 Metaspace       used 121688K, capacity 125144K, committed 126120K, reserved 1159168K
  class space    used 15214K, capacity 16504K, committed 17144K, reserved 1048576K
}
Event: 375.769 GC heap before
{Heap before GC invocations=90 (full 0):
 garbage-first heap   total 464896K, used 366033K [0x0000000080000000, 0x0000000100000000)
  region size 1024K, 93 young (95232K), 7 survivors (7168K)
 Metaspace       used 126765K, capacity 130387K, committed 131112K, reserved 1163264K
  class space    used 15875K, capacity 17230K, committed 17784K, reserved 1048576K
}
Event: 375.785 GC heap after
{Heap after GC invocations=91 (full 0):
 garbage-first heap   total 464896K, used 283271K [0x0000000080000000, 0x0000000100000000)
  region size 1024K, 10 young (10240K), 10 survivors (10240K)
 Metaspace       used 126765K, capacity 130387K, committed 131112K, reserved 1163264K
  class space    used 15875K, capacity 17230K, committed 17784K, reserved 1048576K
}
Event: 382.389 GC heap before
{Heap before GC invocations=91 (full 0):
 garbage-first heap   total 464896K, used 374407K [0x0000000080000000, 0x0000000100000000)
  region size 1024K, 98 young (100352K), 10 survivors (10240K)
 Metaspace       used 135769K, capacity 139703K, committed 140200K, reserved 1171456K
  class space    used 16930K, capacity 18350K, committed 18680K, reserved 1048576K
}
Event: 382.404 GC heap after
{Heap after GC invocations=92 (full 0):
 garbage-first heap   total 464896K, used 288847K [0x0000000080000000, 0x0000000100000000)
  region size 1024K, 8 young (8192K), 8 survivors (8192K)
 Metaspace       used 135769K, capacity 139703K, committed 140200K, reserved 1171456K
  class space    used 16930K, capacity 18350K, committed 18680K, reserved 1048576K
}
Event: 383.844 GC heap before
{Heap before GC invocations=92 (full 0):
 garbage-first heap   total 464896K, used 381007K [0x0000000080000000, 0x0000000100000000)
  region size 1024K, 97 young (99328K), 8 survivors (8192K)
 Metaspace       used 137175K, capacity 141091K, committed 141352K, reserved 1171456K
  class space    used 17100K, capacity 18565K, committed 18808K, reserved 1048576K
}
Event: 383.865 GC heap after
{Heap after GC invocations=93 (full 0):
 garbage-first heap   total 464896K, used 296531K [0x0000000080000000, 0x0000000100000000)
  region size 1024K, 13 young (13312K), 13 survivors (13312K)
 Metaspace       used 137175K, capacity 141091K, committed 141352K, reserved 1171456K
  class space    used 17100K, capacity 18565K, committed 18808K, reserved 1048576K
}
Event: 384.390 GC heap before
{Heap before GC invocations=93 (full 0):
 garbage-first heap   total 464896K, used 382547K [0x0000000080000000, 0x0000000100000000)
  region size 1024K, 98 young (100352K), 13 survivors (13312K)
 Metaspace       used 137272K, capacity 141172K, committed 141608K, reserved 1171456K
  class space    used 17103K, capacity 18570K, committed 18808K, reserved 1048576K
}
Event: 384.409 GC heap after
{Heap after GC invocations=94 (full 0):
 garbage-first heap   total 464896K, used 302029K [0x0000000080000000, 0x0000000100000000)
  region size 1024K, 8 young (8192K), 8 survivors (8192K)
 Metaspace       used 137272K, capacity 141172K, committed 141608K, reserved 1171456K
  class space    used 17103K, capacity 18570K, committed 18808K, reserved 1048576K
}
Event: 385.316 GC heap before
{Heap before GC invocations=94 (full 0):
 garbage-first heap   total 464896K, used 390093K [0x0000000080000000, 0x0000000100000000)
  region size 1024K, 91 young (93184K), 8 survivors (8192K)
 Metaspace       used 137353K, capacity 141305K, committed 141608K, reserved 1171456K
  class space    used 17105K, capacity 18571K, committed 18808K, reserved 1048576K
}
Event: 385.329 GC heap after
{Heap after GC invocations=95 (full 0):
 garbage-first heap   total 464896K, used 303541K [0x0000000080000000, 0x0000000100000000)
  region size 1024K, 7 young (7168K), 7 survivors (7168K)
 Metaspace       used 137353K, capacity 141305K, committed 141608K, reserved 1171456K
  class space    used 17105K, capacity 18571K, committed 18808K, reserved 1048576K
}
Event: 386.744 GC heap before
{Heap before GC invocations=95 (full 0):
 garbage-first heap   total 464896K, used 391605K [0x0000000080000000, 0x0000000100000000)
  region size 1024K, 91 young (93184K), 7 survivors (7168K)
 Metaspace       used 137894K, capacity 141989K, committed 142248K, reserved 1173504K
  class space    used 17179K, capacity 18684K, committed 18936K, reserved 1048576K
}
Event: 386.750 GC heap after
{Heap after GC invocations=96 (full 0):
 garbage-first heap   total 464896K, used 300529K [0x0000000080000000, 0x0000000100000000)
  region size 1024K, 2 young (2048K), 2 survivors (2048K)
 Metaspace       used 137894K, capacity 141989K, committed 142248K, reserved 1173504K
  class space    used 17179K, capacity 18684K, committed 18936K, reserved 1048576K
}
Event: 388.794 GC heap before
{Heap before GC invocations=96 (full 0):
 garbage-first heap   total 464896K, used 350705K [0x0000000080000000, 0x0000000100000000)
  region size 1024K, 18 young (18432K), 2 survivors (2048K)
 Metaspace       used 139282K, capacity 143443K, committed 143656K, reserved 1173504K
  class space    used 17351K, capacity 18866K, committed 19064K, reserved 1048576K
}
Event: 388.802 GC heap after
{Heap after GC invocations=97 (full 0):
 garbage-first heap   total 464896K, used 309443K [0x0000000080000000, 0x0000000100000000)
  region size 1024K, 3 young (3072K), 3 survivors (3072K)
 Metaspace       used 139282K, capacity 143443K, committed 143656K, reserved 1173504K
  class space    used 17351K, capacity 18866K, committed 19064K, reserved 1048576K
}
Event: 1038.047 GC heap before
{Heap before GC invocations=98 (full 0):
 garbage-first heap   total 464896K, used 288963K [0x0000000080000000, 0x0000000100000000)
  region size 1024K, 71 young (72704K), 3 survivors (3072K)
 Metaspace       used 140076K, capacity 144271K, committed 144424K, reserved 1175552K
  class space    used 17435K, capacity 19023K, committed 19064K, reserved 1048576K
}
Event: 1038.071 GC heap after
{Heap after GC invocations=99 (full 0):
 garbage-first heap   total 464896K, used 207874K [0x0000000080000000, 0x0000000100000000)
  region size 1024K, 7 young (7168K), 7 survivors (7168K)
 Metaspace       used 140076K, capacity 144271K, committed 144424K, reserved 1175552K
  class space    used 17435K, capacity 19023K, committed 19064K, reserved 1048576K
}
Event: 1038.763 GC heap before
{Heap before GC invocations=99 (full 0):
 garbage-first heap   total 464896K, used 222210K [0x0000000080000000, 0x0000000100000000)
  region size 1024K, 22 young (22528K), 7 survivors (7168K)
 Metaspace       used 140130K, capacity 144342K, committed 144424K, reserved 1175552K
  class space    used 17436K, capacity 19025K, committed 19064K, reserved 1048576K
}
Event: 1038.814 GC heap after
{Heap after GC invocations=100 (full 0):
 garbage-first heap   total 464896K, used 162943K [0x0000000080000000, 0x0000000100000000)
  region size 1024K, 3 young (3072K), 3 survivors (3072K)
 Metaspace       used 140130K, capacity 144342K, committed 144424K, reserved 1175552K
  class space    used 17436K, capacity 19025K, committed 19064K, reserved 1048576K
}

