# JRE version: OpenJDK Runtime Environment (11.0.13) (build 11.0.13+0-b1751.21-8125866)
# Java VM: OpenJDK 64-Bit Server VM (11.0.13+0-b1751.21-8125866, mixed mode, tiered, compressed oops, g1 gc, windows-amd64)
Heap:
 garbage-first heap   total 253952K, used 119483K [0x0000000080000000, 0x0000000100000000)
  region size 1024K, 38 young (38912K), 12 survivors (12288K)
 Metaspace       used 96858K, capacity 99487K, committed 99664K, reserved 1136640K
  class space    used 12473K, capacity 13448K, committed 13516K, reserved 1048576K
GC Heap History (20 events):
Event: 13.243 GC heap before
{Heap before GC invocations=5 (full 0):
 garbage-first heap   total 253952K, used 22229K [0x0000000080000000, 0x0000000100000000)
  region size 1024K, 6 young (6144K), 5 survivors (5120K)
 Metaspace       used 35094K, capacity 35863K, committed 36048K, reserved 1081344K
  class space    used 4515K, capacity 4825K, committed 4940K, reserved 1048576K
}
Event: 13.261 GC heap after
{Heap after GC invocations=6 (full 0):
 garbage-first heap   total 253952K, used 22574K [0x0000000080000000, 0x0000000100000000)
  region size 1024K, 6 young (6144K), 6 survivors (6144K)
 Metaspace       used 35094K, capacity 35863K, committed 36048K, reserved 1081344K
  class space    used 4515K, capacity 4825K, committed 4940K, reserved 1048576K
}
Event: 18.239 GC heap before
{Heap before GC invocations=7 (full 0):
 garbage-first heap   total 253952K, used 116782K [0x0000000080000000, 0x0000000100000000)
  region size 1024K, 96 young (98304K), 6 survivors (6144K)
 Metaspace       used 43308K, capacity 44356K, committed 44496K, reserved 1087488K
  class space    used 5562K, capacity 5959K, committed 5964K, reserved 1048576K
}
Event: 18.253 GC heap after
{Heap after GC invocations=8 (full 0):
 garbage-first heap   total 253952K, used 29130K [0x0000000080000000, 0x0000000100000000)
  region size 1024K, 12 young (12288K), 12 survivors (12288K)
 Metaspace       used 43308K, capacity 44356K, committed 44496K, reserved 1087488K
  class space    used 5562K, capacity 5959K, committed 5964K, reserved 1048576K
}
Event: 22.632 GC heap before
{Heap before GC invocations=8 (full 0):
 garbage-first heap   total 253952K, used 132554K [0x0000000080000000, 0x0000000100000000)
  region size 1024K, 113 young (115712K), 12 survivors (12288K)
 Metaspace       used 49371K, capacity 50727K, committed 51024K, reserved 1093632K
  class space    used 6288K, capacity 6799K, committed 6860K, reserved 1048576K
}
Event: 22.654 GC heap after
{Heap after GC invocations=9 (full 0):
 garbage-first heap   total 253952K, used 33200K [0x0000000080000000, 0x0000000100000000)
  region size 1024K, 11 young (11264K), 11 survivors (11264K)
 Metaspace       used 49371K, capacity 50727K, committed 51024K, reserved 1093632K
  class space    used 6288K, capacity 6799K, committed 6860K, reserved 1048576K
}
Event: 27.716 GC heap before
{Heap before GC invocations=9 (full 0):
 garbage-first heap   total 253952K, used 135600K [0x0000000080000000, 0x0000000100000000)
  region size 1024K, 104 young (106496K), 11 survivors (11264K)
 Metaspace       used 58749K, capacity 60382K, committed 60496K, reserved 1101824K
  class space    used 7466K, capacity 8080K, committed 8140K, reserved 1048576K
}
Event: 27.753 GC heap after
{Heap after GC invocations=10 (full 0):
 garbage-first heap   total 253952K, used 51939K [0x0000000080000000, 0x0000000100000000)
  region size 1024K, 15 young (15360K), 15 survivors (15360K)
 Metaspace       used 58749K, capacity 60382K, committed 60496K, reserved 1101824K
  class space    used 7466K, capacity 8080K, committed 8140K, reserved 1048576K
}
Event: 32.295 GC heap before
{Heap before GC invocations=11 (full 0):
 garbage-first heap   total 253952K, used 164579K [0x0000000080000000, 0x0000000100000000)
  region size 1024K, 118 young (120832K), 15 survivors (15360K)
 Metaspace       used 68470K, capacity 70259K, committed 70480K, reserved 1110016K
  class space    used 8701K, capacity 9345K, committed 9420K, reserved 1048576K
}
Event: 32.313 GC heap after
{Heap after GC invocations=12 (full 0):
 garbage-first heap   total 253952K, used 59321K [0x0000000080000000, 0x0000000100000000)
  region size 1024K, 8 young (8192K), 8 survivors (8192K)
 Metaspace       used 68470K, capacity 70259K, committed 70480K, reserved 1110016K
  class space    used 8701K, capacity 9345K, committed 9420K, reserved 1048576K
}
Event: 34.302 GC heap before
{Heap before GC invocations=12 (full 0):
 garbage-first heap   total 253952K, used 166841K [0x0000000080000000, 0x0000000100000000)
  region size 1024K, 113 young (115712K), 8 survivors (8192K)
 Metaspace       used 75405K, capacity 77339K, committed 77520K, reserved 1116160K
  class space    used 9762K, capacity 10459K, committed 10572K, reserved 1048576K
}
Event: 34.315 GC heap after
{Heap after GC invocations=13 (full 0):
 garbage-first heap   total 253952K, used 66068K [0x0000000080000000, 0x0000000100000000)
  region size 1024K, 15 young (15360K), 15 survivors (15360K)
 Metaspace       used 75405K, capacity 77339K, committed 77520K, reserved 1116160K
  class space    used 9762K, capacity 10459K, committed 10572K, reserved 1048576K
}
Event: 36.971 GC heap before
{Heap before GC invocations=13 (full 0):
 garbage-first heap   total 253952K, used 174612K [0x0000000080000000, 0x0000000100000000)
  region size 1024K, 121 young (123904K), 15 survivors (15360K)
 Metaspace       used 84831K, capacity 86948K, committed 87248K, reserved 1124352K
  class space    used 11023K, capacity 11762K, committed 11852K, reserved 1048576K
}
Event: 36.992 GC heap after
{Heap after GC invocations=14 (full 0):
 garbage-first heap   total 253952K, used 74013K [0x0000000080000000, 0x0000000100000000)
  region size 1024K, 16 young (16384K), 16 survivors (16384K)
 Metaspace       used 84831K, capacity 86948K, committed 87248K, reserved 1124352K
  class space    used 11023K, capacity 11762K, committed 11852K, reserved 1048576K
}
Event: 38.653 GC heap before
{Heap before GC invocations=14 (full 0):
 garbage-first heap   total 253952K, used 181533K [0x0000000080000000, 0x0000000100000000)
  region size 1024K, 122 young (124928K), 16 survivors (16384K)
 Metaspace       used 87683K, capacity 90240K, committed 90448K, reserved 1128448K
  class space    used 11456K, capacity 12371K, committed 12492K, reserved 1048576K
}
Event: 38.680 GC heap after
{Heap after GC invocations=15 (full 0):
 garbage-first heap   total 253952K, used 82204K [0x0000000080000000, 0x0000000100000000)
  region size 1024K, 16 young (16384K), 16 survivors (16384K)
 Metaspace       used 87683K, capacity 90240K, committed 90448K, reserved 1128448K
  class space    used 11456K, capacity 12371K, committed 12492K, reserved 1048576K
}
Event: 40.232 GC heap before
{Heap before GC invocations=15 (full 0):
 garbage-first heap   total 253952K, used 187676K [0x0000000080000000, 0x0000000100000000)
  region size 1024K, 120 young (122880K), 16 survivors (16384K)
 Metaspace       used 91449K, capacity 94015K, committed 94032K, reserved 1130496K
  class space    used 11809K, capacity 12740K, committed 12748K, reserved 1048576K
}
Event: 40.260 GC heap after
{Heap after GC invocations=16 (full 0):
 garbage-first heap   total 253952K, used 89059K [0x0000000080000000, 0x0000000100000000)
  region size 1024K, 15 young (15360K), 15 survivors (15360K)
 Metaspace       used 91449K, capacity 94015K, committed 94032K, reserved 1130496K
  class space    used 11809K, capacity 12740K, committed 12748K, reserved 1048576K
}
Event: 41.891 GC heap before
{Heap before GC invocations=16 (full 0):
 garbage-first heap   total 253952K, used 193507K [0x0000000080000000, 0x0000000100000000)
  region size 1024K, 118 young (120832K), 15 survivors (15360K)
 Metaspace       used 96822K, capacity 99415K, committed 99664K, reserved 1136640K
  class space    used 12471K, capacity 13447K, committed 13516K, reserved 1048576K
}
Event: 41.913 GC heap after
{Heap after GC invocations=17 (full 0):
 garbage-first heap   total 253952K, used 93883K [0x0000000080000000, 0x0000000100000000)
  region size 1024K, 12 young (12288K), 12 survivors (12288K)
 Metaspace       used 96822K, capacity 99415K, committed 99664K, reserved 1136640K
  class space    used 12471K, capacity 13447K, committed 13516K, reserved 1048576K
}

